53874514 kdbg: pathos v1(Feb  6 2013 18:41:35), Elly Jones and Michael Sullivan
197908329055 udbg: [DBG_install_autostack], Parent stack, high: 0xffffffff, lo: 0xffff7000

197908337755 udbg: [DBG_thr_init], resv_stack_hi: 0xffff4ffc, resv_stack_lo: 0xffff4000 

197908343812 udbg: [DBG_thr_init], free_stack_hi: 0xffff3ffc, free_stack_lo: 0xffff3000 

197908344699 udbg: [DBG_thr_create], Enter

197908359540 udbg: [DBG_thr_int_allocate_stack], Inserting stack ptr_l : 0xffff3000, stack_ptr_h: 0xffff3ffc 

197908363921 udbg: [DBG_thr_int_allocate_new_tid]: stack_lo_mask: fffff800

197908370494 udbg: [DBG_thr_int_allocate_new_tid]: stack_lo: 0xffff3000, Generated new tid I : ffff3000

197908377093 udbg: [DBG_thr_int_allocate_new_tid]: stack_lo: 0xffff3000, Generated new tid II : ffff9800

197908394301 udbg: [DBG_thr_int_allocate_new_tid]: Generated new tid III : 7fff9af5

197908401667 udbg: [DBG_thr_create], stack_hi: 0xffff3ffc, stack_lo: 0xffff3000, cstack_size: 4096 

197908405528 udbg: [DBG_thr_int_fork_c_wrapper], Child stack_hi: 0xffff3ffc 

197908424352 udbg: [DBG_thr_create], Enter

197908434107 udbg: [DBG_thr_int_allocate_stack], Inserting stack ptr_l : 0xffff2000, stack_ptr_h: 0xffff2ffc 

197908438274 udbg: [DBG_thr_int_allocate_new_tid]: stack_lo_mask: fffff800

197908444847 udbg: [DBG_thr_int_allocate_new_tid]: stack_lo: 0xffff2000, Generated new tid I : ffff2000

197908451446 udbg: [DBG_thr_int_allocate_new_tid]: stack_lo: 0xffff2000, Generated new tid II : ffff9000

197908455535 udbg: [DBG_thr_int_allocate_new_tid]: Generated new tid III : 7fff9482

197908462901 udbg: [DBG_thr_create], stack_hi: 0xffff2ffc, stack_lo: 0xffff2000, cstack_size: 4096 

197908466762 udbg: [DBG_thr_int_fork_c_wrapper], Child stack_hi: 0xffff2ffc 

197908485588 udbg: [DBG_thr_create], Enter

197908495381 udbg: [DBG_thr_int_allocate_stack], Inserting stack ptr_l : 0xffff1000, stack_ptr_h: 0xffff1ffc 

197908499573 udbg: [DBG_thr_int_allocate_new_tid]: stack_lo_mask: fffff800

197908506146 udbg: [DBG_thr_int_allocate_new_tid]: stack_lo: 0xffff1000, Generated new tid I : ffff1000

197908512745 udbg: [DBG_thr_int_allocate_new_tid]: stack_lo: 0xffff1000, Generated new tid II : ffff8800

197908516834 udbg: [DBG_thr_int_allocate_new_tid]: Generated new tid III : 7fff8d8b

197908524200 udbg: [DBG_thr_create], stack_hi: 0xffff1ffc, stack_lo: 0xffff1000, cstack_size: 4096 

197908528061 udbg: [DBG_thr_int_fork_c_wrapper], Child stack_hi: 0xffff1ffc 

197908548839 udbg: [DBG_sem_wait], tid = 5 

197908558030 udbg: [DBG_sem_wait], tid = 6 

197908558521 udbg: 6----
197908559115 udbg: getting out of push
197908561393 udbg: [DBG_sem_wait], tid = 7 

197908562036 udbg: getting out of push
197910792644 udbg: [DBG_sem_signal], lin 133 

197910794836 udbg: [DBG_sem_wait], tid = 5 

197910795479 udbg: getting out of push
197910797437 udbg: [DBG_sem_wait], deschedule done 

197914792538 udbg: [DBG_sem_signal], lin 133 

197914794746 udbg: [DBG_sem_wait], tid = 6 

197914795389 udbg: getting out of push
197914797347 udbg: [DBG_sem_wait], deschedule done 

197918792108 udbg: [DBG_sem_signal], lin 133 

197918794300 udbg: [DBG_sem_wait], tid = 7 

197918794943 udbg: getting out of push
197918796901 udbg: [DBG_sem_wait], deschedule done 

197922791855 udbg: [DBG_sem_signal], lin 133 

197922794063 udbg: [DBG_sem_wait], tid = 5 

197922794706 udbg: getting out of push
197922796664 udbg: [DBG_sem_wait], deschedule done 

197926791572 udbg: [DBG_sem_signal], lin 133 

197926793764 udbg: [DBG_sem_wait], tid = 6 

197926794407 udbg: getting out of push
197926796365 udbg: [DBG_sem_wait], deschedule done 

197930791319 udbg: [DBG_sem_signal], lin 133 

197930793527 udbg: [DBG_sem_wait], tid = 7 

197930794170 udbg: getting out of push
197930796128 udbg: [DBG_sem_wait], deschedule done 

197934791036 udbg: [DBG_sem_signal], lin 133 

197934794940 udbg: [DBG_thr_exit], stack_lo: 0xffff3000 

197934796067 udbg: [DBG_thr_exit], INSIDE THR_EXIT 

197934800174 udbg: [DBG_thr_int_search_tcb_by_stk], searching stack ptr : 0xffff3000 

197934804714 udbg: [DBG_thr_int_deallocate_stack], Inside deallocate stack, :0xffff3000 

197934806724 udbg: [DBG_thr_int_deallocate_stack], Exit deallocate stack 

197934832033 udbg: [DBG_sem_wait], deschedule done 

197938790783 udbg: [DBG_sem_signal], lin 133 

197938794687 udbg: [DBG_thr_exit], stack_lo: 0xffff2000 

197938795814 udbg: [DBG_thr_exit], INSIDE THR_EXIT 

197938799921 udbg: [DBG_thr_int_search_tcb_by_stk], searching stack ptr : 0xffff2000 

197938804406 udbg: [DBG_thr_int_deallocate_stack], Inside deallocate stack, :0xffff2000 

197938806416 udbg: [DBG_thr_int_deallocate_stack], Exit deallocate stack 

197938831760 udbg: [DBG_sem_wait], deschedule done 

197942808561 udbg: [DBG_thr_exit], stack_lo: 0xffff1000 

197942809688 udbg: [DBG_thr_exit], INSIDE THR_EXIT 

197942813795 udbg: [DBG_thr_int_search_tcb_by_stk], searching stack ptr : 0xffff1000 

197942818280 udbg: [DBG_thr_int_deallocate_stack], Inside deallocate stack, :0xffff1000 

197942820479 udbg: [DBG_thr_int_deallocate_stack], Exit deallocate stack 

457458981921 kdbg: Loader: Couldn't read elf header: -8, racer
1015284356462 udbg: [DBG_install_autostack], Parent stack, high: 0xffffffff, lo: 0xffff7000

1015284358620 udbg: (^_^)_rwlock_downgrade_read_test: START__TYPE_COMPLETE
1015284367274 udbg: [DBG_thr_init], resv_stack_hi: 0xffff4ffc, resv_stack_lo: 0xffff4000 

1015284373331 udbg: [DBG_thr_init], free_stack_hi: 0xffff3ffc, free_stack_lo: 0xffff3000 

1015284374438 udbg: [DBG_thr_create], Enter

1015284389328 udbg: [DBG_thr_int_allocate_stack], Inserting stack ptr_l : 0xffff3000, stack_ptr_h: 0xffff3ffc 

1015284393709 udbg: [DBG_thr_int_allocate_new_tid]: stack_lo_mask: fffff800

1015284400282 udbg: [DBG_thr_int_allocate_new_tid]: stack_lo: 0xffff3000, Generated new tid I : ffff3000

1015284406881 udbg: [DBG_thr_int_allocate_new_tid]: stack_lo: 0xffff3000, Generated new tid II : ffff9800

1015284424089 udbg: [DBG_thr_int_allocate_new_tid]: Generated new tid III : 7fff9af5

1015284431455 udbg: [DBG_thr_create], stack_hi: 0xffff3ffc, stack_lo: 0xffff3000, cstack_size: 4096 

1015284435316 udbg: [DBG_thr_int_fork_c_wrapper], Child stack_hi: 0xffff3ffc 

1015284455655 udbg: (^_^)_rwlock_downgrade_read_test:and the mome raths downgrade
1015284457852 udbg: (^_^)_rwlock_downgrade_read_test:Incrementing read_count
1015284459048 udbg: [DBG_thr_join], INSIDE THR_JOIN 

1015284462831 udbg: [DBG_thr_int_search_tcb_by_tid], stack_lo: 0xffff3000 

1015284466938 udbg: [DBG_thr_int_search_tcb_by_stk], searching stack ptr : 0xffff3000 

1015284471127 udbg: [DBG_thr_int_search_tcb_by_stk], searching stack ptr : 0xffffe000 

1015284472323 udbg: [DBG_skip_list_find], Node NULL 

1015284476671 udbg: [DBG_thr_int_search_tcb_by_stk], searching stack ptr : 0xffffe000 , failed 

1015284483075 udbg: [DBG_thr_int_search_tcb_by_stk], stack_hi : 0xffffffff , stack_lo: 0xffff7000 

1015284484793 udbg: [DBG_thr_int_search_tcb_by_stk], Its a main thread 

1015286020112 udbg: (^_^)_rwlock_downgrade_read_test:all mimsy were the reader threads
1015286022385 udbg: (^_^)_rwlock_downgrade_read_test:Incrementing read_count
1015286025670 udbg: [DBG_thr_exit], stack_lo: 0xffff3000 

1015286026797 udbg: [DBG_thr_exit], INSIDE THR_EXIT 

1015286030904 udbg: [DBG_thr_int_search_tcb_by_stk], searching stack ptr : 0xffff3000 

1015286035186 udbg: [DBG_thr_int_deallocate_stack], Inside deallocate stack, :0xffff3000 

1015286037400 udbg: [DBG_thr_int_deallocate_stack], Exit deallocate stack 

1015286046084 udbg: (^_^)_rwlock_downgrade_read_test: END__SUCCESS
